INFO:     Started server process [64422]
INFO:     Waiting for application startup.
‚úÖ ‰ΩøÁî®FastAPIÈªòËÆ§ÁöÑOpenAPIËá™Âä®Ê≥®ÂÜåÊú∫Âà∂
üöÄ TaKeKe API v1.0.0 Ê≠£Âú®ÂêØÂä®...
üìù ÁéØÂ¢É: ÂºÄÂèë
üåê APIÊúçÂä°Âú∞ÂùÄ: http://0.0.0.0:8001
‚úÖ ÁÆÄÂåñËÆ§ËØÅÊï∞ÊçÆÂ∫ìË°®ÂàõÂª∫ÊàêÂäüÔºàauth + auth_audit_logsÔºâ
‚úÖ ËÆ§ËØÅÊï∞ÊçÆÂ∫ìÂàùÂßãÂåñÂÆåÊàê
2025-10-25 11:42:01,157 INFO sqlalchemy.engine.Engine BEGIN (implicit)
2025-10-25 11:42:01,157 INFO sqlalchemy.engine.Engine SELECT 1
2025-10-25 11:42:01,157 INFO sqlalchemy.engine.Engine [generated in 0.00006s] ()
2025-10-25 11:42:01,157 INFO sqlalchemy.engine.Engine ROLLBACK
2025-10-25 11:42:01,157 INFO sqlalchemy.engine.Engine BEGIN (implicit)
2025-10-25 11:42:01,157 INFO sqlalchemy.engine.Engine PRAGMA main.table_info("auth")
2025-10-25 11:42:01,157 INFO sqlalchemy.engine.Engine [raw sql] ()
2025-10-25 11:42:01,157 INFO sqlalchemy.engine.Engine PRAGMA main.table_info("auth_audit_logs")
2025-10-25 11:42:01,157 INFO sqlalchemy.engine.Engine [raw sql] ()
2025-10-25 11:42:01,157 INFO sqlalchemy.engine.Engine PRAGMA main.table_info("tasks")
2025-10-25 11:42:01,157 INFO sqlalchemy.engine.Engine [raw sql] ()
2025-10-25 11:42:01,157 INFO sqlalchemy.engine.Engine PRAGMA main.table_info("points_transactions")
2025-10-25 11:42:01,157 INFO sqlalchemy.engine.Engine [raw sql] ()
2025-10-25 11:42:01,157 INFO sqlalchemy.engine.Engine PRAGMA main.table_info("rewards")
2025-10-25 11:42:01,157 INFO sqlalchemy.engine.Engine [raw sql] ()
2025-10-25 11:42:01,157 INFO sqlalchemy.engine.Engine PRAGMA main.table_info("reward_recipes")
2025-10-25 11:42:01,157 INFO sqlalchemy.engine.Engine [raw sql] ()
2025-10-25 11:42:01,158 INFO sqlalchemy.engine.Engine PRAGMA main.table_info("reward_transactions")
2025-10-25 11:42:01,158 INFO sqlalchemy.engine.Engine [raw sql] ()
2025-10-25 11:42:01,158 INFO sqlalchemy.engine.Engine PRAGMA main.table_info("task_top3")
2025-10-25 11:42:01,158 INFO sqlalchemy.engine.Engine [raw sql] ()
2025-10-25 11:42:01,158 INFO sqlalchemy.engine.Engine PRAGMA main.table_info("focus_sessions")
2025-10-25 11:42:01,158 INFO sqlalchemy.engine.Engine [raw sql] ()
2025-10-25 11:42:01,158 INFO sqlalchemy.engine.Engine COMMIT
‚úÖ ‰ªªÂä°Êï∞ÊçÆÂ∫ìÂàùÂßãÂåñÂÆåÊàê
2025-10-25 11:42:01,158 INFO sqlalchemy.engine.Engine BEGIN (implicit)
2025-10-25 11:42:01,160 INFO sqlalchemy.engine.Engine SELECT rewards.id, rewards.name, rewards.description, rewards.points_value, rewards.image_url, rewards.cost_type, rewards.cost_value, rewards.stock_quantity, rewards.category, rewards.is_active, rewards.created_at, rewards.updated_at 
FROM rewards 
WHERE rewards.name = ?
2025-10-25 11:42:01,160 INFO sqlalchemy.engine.Engine [generated in 0.00004s] ('Â∞èÈáëÂ∏Å',)
2025-10-25 11:42:01,161 INFO sqlalchemy.engine.Engine SELECT rewards.id, rewards.name, rewards.description, rewards.points_value, rewards.image_url, rewards.cost_type, rewards.cost_value, rewards.stock_quantity, rewards.category, rewards.is_active, rewards.created_at, rewards.updated_at 
FROM rewards 
WHERE rewards.name = ?
2025-10-25 11:42:01,161 INFO sqlalchemy.engine.Engine [cached since 0.0009984s ago] ('ÈíªÁü≥',)
2025-10-25 11:42:01,162 INFO sqlalchemy.engine.Engine SELECT reward_recipes.id, reward_recipes.name, reward_recipes.result_reward_id, reward_recipes.materials, reward_recipes.is_active, reward_recipes.created_at, reward_recipes.updated_at 
FROM reward_recipes 
WHERE reward_recipes.name = ?
2025-10-25 11:42:01,162 INFO sqlalchemy.engine.Engine [generated in 0.00004s] ('Â∞èÈáëÂ∏ÅÂêàÊàêÈíªÁü≥',)
2025-10-25 11:42:01,162 INFO sqlalchemy.engine.Engine COMMIT
‚úÖ Â•ñÂä±Êï∞ÊçÆÂ∫ìÂàùÂßãÂåñÂÆåÊàê
‚úÖ ËÅäÂ§©Êï∞ÊçÆÂ∫ìÂàùÂßãÂåñÂÆåÊàê
2025-10-25 11:42:01,163 INFO sqlalchemy.engine.Engine BEGIN (implicit)
2025-10-25 11:42:01,163 INFO sqlalchemy.engine.Engine PRAGMA main.table_info("auth")
2025-10-25 11:42:01,163 INFO sqlalchemy.engine.Engine [raw sql] ()
2025-10-25 11:42:01,163 INFO sqlalchemy.engine.Engine PRAGMA main.table_info("auth_audit_logs")
2025-10-25 11:42:01,163 INFO sqlalchemy.engine.Engine [raw sql] ()
2025-10-25 11:42:01,163 INFO sqlalchemy.engine.Engine PRAGMA main.table_info("tasks")
2025-10-25 11:42:01,163 INFO sqlalchemy.engine.Engine [raw sql] ()
2025-10-25 11:42:01,163 INFO sqlalchemy.engine.Engine PRAGMA main.table_info("points_transactions")
2025-10-25 11:42:01,163 INFO sqlalchemy.engine.Engine [raw sql] ()
2025-10-25 11:42:01,163 INFO sqlalchemy.engine.Engine PRAGMA main.table_info("rewards")
2025-10-25 11:42:01,163 INFO sqlalchemy.engine.Engine [raw sql] ()
2025-10-25 11:42:01,163 INFO sqlalchemy.engine.Engine PRAGMA main.table_info("reward_recipes")
2025-10-25 11:42:01,163 INFO sqlalchemy.engine.Engine [raw sql] ()
2025-10-25 11:42:01,163 INFO sqlalchemy.engine.Engine PRAGMA main.table_info("reward_transactions")
2025-10-25 11:42:01,163 INFO sqlalchemy.engine.Engine [raw sql] ()
2025-10-25 11:42:01,163 INFO sqlalchemy.engine.Engine PRAGMA main.table_info("task_top3")
2025-10-25 11:42:01,163 INFO sqlalchemy.engine.Engine [raw sql] ()
2025-10-25 11:42:01,163 INFO sqlalchemy.engine.Engine PRAGMA main.table_info("focus_sessions")
2025-10-25 11:42:01,163 INFO sqlalchemy.engine.Engine [raw sql] ()
2025-10-25 11:42:01,163 INFO sqlalchemy.engine.Engine COMMIT
INFO:     Application startup complete.
INFO:     Uvicorn running on http://127.0.0.1:8006 (Press CTRL+C to quit)
‚úÖ FocusÊï∞ÊçÆÂ∫ìÂàùÂßãÂåñÂÆåÊàê
‚úÖ APIÊúçÂä°ÂêØÂä®ÂÆåÊàê
2025-10-25 11:43:04,105 INFO sqlalchemy.engine.Engine BEGIN (implicit)
2025-10-25 11:43:04,105 INFO sqlalchemy.engine.Engine PRAGMA main.table_info("tasks")
2025-10-25 11:43:04,105 INFO sqlalchemy.engine.Engine [raw sql] ()
2025-10-25 11:43:04,105 INFO sqlalchemy.engine.Engine ROLLBACK
2025-10-25 11:43:04,105 INFO sqlalchemy.engine.Engine BEGIN (implicit)
2025-10-25 11:43:04,105 INFO sqlalchemy.engine.Engine 
                SELECT
                    COUNT(*) as total_tasks,
                    COUNT(CASE WHEN is_deleted = false THEN 1 END) as active_tasks,
                    COUNT(CASE WHEN is_deleted = true THEN 1 END) as deleted_tasks,
                    COUNT(CASE WHEN status = 'pending' THEN 1 END) as pending_tasks,
                    COUNT(CASE WHEN status = 'in_progress' THEN 1 END) as in_progress_tasks,
                    COUNT(CASE WHEN status = 'completed' THEN 1 END) as completed_tasks
                FROM tasks
            
2025-10-25 11:43:04,105 INFO sqlalchemy.engine.Engine [generated in 0.00005s] ()
2025-10-25 11:43:04,110 INFO sqlalchemy.engine.Engine BEGIN (implicit)
2025-10-25 11:43:04,110 INFO sqlalchemy.engine.Engine PRAGMA main.index_list("tasks")
2025-10-25 11:43:04,110 INFO sqlalchemy.engine.Engine [raw sql] ()
2025-10-25 11:43:04,110 INFO sqlalchemy.engine.Engine PRAGMA main.index_info("ix_tasks_parent_id")
2025-10-25 11:43:04,110 INFO sqlalchemy.engine.Engine [raw sql] ()
2025-10-25 11:43:04,110 INFO sqlalchemy.engine.Engine PRAGMA main.index_info("ix_tasks_status")
2025-10-25 11:43:04,110 INFO sqlalchemy.engine.Engine [raw sql] ()
2025-10-25 11:43:04,110 INFO sqlalchemy.engine.Engine PRAGMA main.index_info("ix_tasks_user_id")
2025-10-25 11:43:04,110 INFO sqlalchemy.engine.Engine [raw sql] ()
2025-10-25 11:43:04,110 INFO sqlalchemy.engine.Engine PRAGMA main.index_info("ix_tasks_is_deleted")
2025-10-25 11:43:04,110 INFO sqlalchemy.engine.Engine [raw sql] ()
2025-10-25 11:43:04,110 INFO sqlalchemy.engine.Engine ROLLBACK
2025-10-25 11:43:04,110 INFO sqlalchemy.engine.Engine BEGIN (implicit)
2025-10-25 11:43:04,110 INFO sqlalchemy.engine.Engine PRAGMA main.foreign_key_list("tasks")
2025-10-25 11:43:04,110 INFO sqlalchemy.engine.Engine [raw sql] ()
2025-10-25 11:43:04,110 INFO sqlalchemy.engine.Engine PRAGMA temp.foreign_key_list("tasks")
2025-10-25 11:43:04,110 INFO sqlalchemy.engine.Engine [raw sql] ()
2025-10-25 11:43:04,110 INFO sqlalchemy.engine.Engine SELECT sql FROM  (SELECT * FROM sqlite_master UNION ALL   SELECT * FROM sqlite_temp_master) WHERE name = ? AND type in ('table', 'view')
2025-10-25 11:43:04,110 INFO sqlalchemy.engine.Engine [raw sql] ('tasks',)
2025-10-25 11:43:04,111 INFO sqlalchemy.engine.Engine ROLLBACK
2025-10-25 11:43:04,111 INFO sqlalchemy.engine.Engine ROLLBACK
INFO:     127.0.0.1:63505 - "GET /health HTTP/1.1" 200 OK
INFO:     127.0.0.1:63552 - "GET /openapi.json HTTP/1.1" 500 Internal Server Error
ERROR:    Exception in ASGI application
  + Exception Group Traceback (most recent call last):
  |   File "/Users/zalelee/Code/tatake_backend/.venv/lib/python3.12/site-packages/starlette/_utils.py", line 79, in collapse_excgroups
  |     yield
  |   File "/Users/zalelee/Code/tatake_backend/.venv/lib/python3.12/site-packages/starlette/middleware/base.py", line 183, in __call__
  |     async with anyio.create_task_group() as task_group:
  |                ^^^^^^^^^^^^^^^^^^^^^^^^^
  |   File "/Users/zalelee/Code/tatake_backend/.venv/lib/python3.12/site-packages/anyio/_backends/_asyncio.py", line 781, in __aexit__
  |     raise BaseExceptionGroup(
  | ExceptionGroup: unhandled errors in a TaskGroup (1 sub-exception)
  +-+---------------- 1 ----------------
    | Traceback (most recent call last):
    |   File "/Users/zalelee/Code/tatake_backend/.venv/lib/python3.12/site-packages/uvicorn/protocols/http/httptools_impl.py", line 409, in run_asgi
    |     result = await app(  # type: ignore[func-returns-value]
    |              ^^^^^^^^^^^^^^^^^^^^^^^^^^^^^^^^^^^^^^^^^^^^^^
    |   File "/Users/zalelee/Code/tatake_backend/.venv/lib/python3.12/site-packages/uvicorn/middleware/proxy_headers.py", line 60, in __call__
    |     return await self.app(scope, receive, send)
    |            ^^^^^^^^^^^^^^^^^^^^^^^^^^^^^^^^^^^^
    |   File "/Users/zalelee/Code/tatake_backend/.venv/lib/python3.12/site-packages/fastapi/applications.py", line 1133, in __call__
    |     await super().__call__(scope, receive, send)
    |   File "/Users/zalelee/Code/tatake_backend/.venv/lib/python3.12/site-packages/starlette/applications.py", line 113, in __call__
    |     await self.middleware_stack(scope, receive, send)
    |   File "/Users/zalelee/Code/tatake_backend/.venv/lib/python3.12/site-packages/starlette/middleware/errors.py", line 186, in __call__
    |     raise exc
    |   File "/Users/zalelee/Code/tatake_backend/.venv/lib/python3.12/site-packages/starlette/middleware/errors.py", line 164, in __call__
    |     await self.app(scope, receive, _send)
    |   File "/Users/zalelee/Code/tatake_backend/.venv/lib/python3.12/site-packages/starlette/middleware/base.py", line 182, in __call__
    |     with recv_stream, send_stream, collapse_excgroups():
    |                                    ^^^^^^^^^^^^^^^^^^^^
    |   File "/Users/zalelee/.local/share/uv/python/cpython-3.12.11-macos-aarch64-none/lib/python3.12/contextlib.py", line 158, in __exit__
    |     self.gen.throw(value)
    |   File "/Users/zalelee/Code/tatake_backend/.venv/lib/python3.12/site-packages/starlette/_utils.py", line 85, in collapse_excgroups
    |     raise exc
    |   File "/Users/zalelee/Code/tatake_backend/.venv/lib/python3.12/site-packages/starlette/middleware/base.py", line 184, in __call__
    |     response = await self.dispatch_func(request, call_next)
    |                ^^^^^^^^^^^^^^^^^^^^^^^^^^^^^^^^^^^^^^^^^^^^
    |   File "/Users/zalelee/Code/tatake_backend/src/api/main.py", line 189, in add_cors_headers
    |     response = await call_next(request)
    |                ^^^^^^^^^^^^^^^^^^^^^^^^
    |   File "/Users/zalelee/Code/tatake_backend/.venv/lib/python3.12/site-packages/starlette/middleware/base.py", line 159, in call_next
    |     raise app_exc
    |   File "/Users/zalelee/Code/tatake_backend/.venv/lib/python3.12/site-packages/starlette/middleware/base.py", line 144, in coro
    |     await self.app(scope, receive_or_disconnect, send_no_error)
    |   File "/Users/zalelee/Code/tatake_backend/.venv/lib/python3.12/site-packages/starlette/middleware/cors.py", line 85, in __call__
    |     await self.app(scope, receive, send)
    |   File "/Users/zalelee/Code/tatake_backend/.venv/lib/python3.12/site-packages/starlette/middleware/exceptions.py", line 63, in __call__
    |     await wrap_app_handling_exceptions(self.app, conn)(scope, receive, send)
    |   File "/Users/zalelee/Code/tatake_backend/.venv/lib/python3.12/site-packages/starlette/_exception_handler.py", line 53, in wrapped_app
    |     raise exc
    |   File "/Users/zalelee/Code/tatake_backend/.venv/lib/python3.12/site-packages/starlette/_exception_handler.py", line 42, in wrapped_app
    |     await app(scope, receive, sender)
    |   File "/Users/zalelee/Code/tatake_backend/.venv/lib/python3.12/site-packages/fastapi/middleware/asyncexitstack.py", line 18, in __call__
    |     await self.app(scope, receive, send)
    |   File "/Users/zalelee/Code/tatake_backend/.venv/lib/python3.12/site-packages/starlette/routing.py", line 716, in __call__
    |     await self.middleware_stack(scope, receive, send)
    |   File "/Users/zalelee/Code/tatake_backend/.venv/lib/python3.12/site-packages/starlette/routing.py", line 736, in app
    |     await route.handle(scope, receive, send)
    |   File "/Users/zalelee/Code/tatake_backend/.venv/lib/python3.12/site-packages/starlette/routing.py", line 290, in handle
    |     await self.app(scope, receive, send)
    |   File "/Users/zalelee/Code/tatake_backend/.venv/lib/python3.12/site-packages/starlette/routing.py", line 78, in app
    |     await wrap_app_handling_exceptions(app, request)(scope, receive, send)
    |   File "/Users/zalelee/Code/tatake_backend/.venv/lib/python3.12/site-packages/starlette/_exception_handler.py", line 53, in wrapped_app
    |     raise exc
    |   File "/Users/zalelee/Code/tatake_backend/.venv/lib/python3.12/site-packages/starlette/_exception_handler.py", line 42, in wrapped_app
    |     await app(scope, receive, sender)
    |   File "/Users/zalelee/Code/tatake_backend/.venv/lib/python3.12/site-packages/starlette/routing.py", line 75, in app
    |     response = await f(request)
    |                ^^^^^^^^^^^^^^^^
    |   File "/Users/zalelee/Code/tatake_backend/.venv/lib/python3.12/site-packages/fastapi/applications.py", line 1088, in openapi
    |     return JSONResponse(self.openapi())
    |                         ^^^^^^^^^^^^^^
    |   File "/Users/zalelee/Code/tatake_backend/.venv/lib/python3.12/site-packages/fastapi/applications.py", line 1058, in openapi
    |     if not self.openapi_schema:
    |            ^^^^^^^^^^^^^^^^^^^
    | AttributeError: 'FastAPI' object has no attribute 'openapi_schema'
    +------------------------------------

During handling of the above exception, another exception occurred:

Traceback (most recent call last):
  File "/Users/zalelee/Code/tatake_backend/.venv/lib/python3.12/site-packages/uvicorn/protocols/http/httptools_impl.py", line 409, in run_asgi
    result = await app(  # type: ignore[func-returns-value]
             ^^^^^^^^^^^^^^^^^^^^^^^^^^^^^^^^^^^^^^^^^^^^^^
  File "/Users/zalelee/Code/tatake_backend/.venv/lib/python3.12/site-packages/uvicorn/middleware/proxy_headers.py", line 60, in __call__
    return await self.app(scope, receive, send)
           ^^^^^^^^^^^^^^^^^^^^^^^^^^^^^^^^^^^^
  File "/Users/zalelee/Code/tatake_backend/.venv/lib/python3.12/site-packages/fastapi/applications.py", line 1133, in __call__
    await super().__call__(scope, receive, send)
  File "/Users/zalelee/Code/tatake_backend/.venv/lib/python3.12/site-packages/starlette/applications.py", line 113, in __call__
    await self.middleware_stack(scope, receive, send)
  File "/Users/zalelee/Code/tatake_backend/.venv/lib/python3.12/site-packages/starlette/middleware/errors.py", line 186, in __call__
    raise exc
  File "/Users/zalelee/Code/tatake_backend/.venv/lib/python3.12/site-packages/starlette/middleware/errors.py", line 164, in __call__
    await self.app(scope, receive, _send)
  File "/Users/zalelee/Code/tatake_backend/.venv/lib/python3.12/site-packages/starlette/middleware/base.py", line 182, in __call__
    with recv_stream, send_stream, collapse_excgroups():
                                   ^^^^^^^^^^^^^^^^^^^^
  File "/Users/zalelee/.local/share/uv/python/cpython-3.12.11-macos-aarch64-none/lib/python3.12/contextlib.py", line 158, in __exit__
    self.gen.throw(value)
  File "/Users/zalelee/Code/tatake_backend/.venv/lib/python3.12/site-packages/starlette/_utils.py", line 85, in collapse_excgroups
    raise exc
  File "/Users/zalelee/Code/tatake_backend/.venv/lib/python3.12/site-packages/starlette/middleware/base.py", line 184, in __call__
    response = await self.dispatch_func(request, call_next)
               ^^^^^^^^^^^^^^^^^^^^^^^^^^^^^^^^^^^^^^^^^^^^
  File "/Users/zalelee/Code/tatake_backend/src/api/main.py", line 189, in add_cors_headers
    response = await call_next(request)
               ^^^^^^^^^^^^^^^^^^^^^^^^
  File "/Users/zalelee/Code/tatake_backend/.venv/lib/python3.12/site-packages/starlette/middleware/base.py", line 159, in call_next
    raise app_exc
  File "/Users/zalelee/Code/tatake_backend/.venv/lib/python3.12/site-packages/starlette/middleware/base.py", line 144, in coro
    await self.app(scope, receive_or_disconnect, send_no_error)
  File "/Users/zalelee/Code/tatake_backend/.venv/lib/python3.12/site-packages/starlette/middleware/cors.py", line 85, in __call__
    await self.app(scope, receive, send)
  File "/Users/zalelee/Code/tatake_backend/.venv/lib/python3.12/site-packages/starlette/middleware/exceptions.py", line 63, in __call__
    await wrap_app_handling_exceptions(self.app, conn)(scope, receive, send)
  File "/Users/zalelee/Code/tatake_backend/.venv/lib/python3.12/site-packages/starlette/_exception_handler.py", line 53, in wrapped_app
    raise exc
  File "/Users/zalelee/Code/tatake_backend/.venv/lib/python3.12/site-packages/starlette/_exception_handler.py", line 42, in wrapped_app
    await app(scope, receive, sender)
  File "/Users/zalelee/Code/tatake_backend/.venv/lib/python3.12/site-packages/fastapi/middleware/asyncexitstack.py", line 18, in __call__
    await self.app(scope, receive, send)
  File "/Users/zalelee/Code/tatake_backend/.venv/lib/python3.12/site-packages/starlette/routing.py", line 716, in __call__
    await self.middleware_stack(scope, receive, send)
  File "/Users/zalelee/Code/tatake_backend/.venv/lib/python3.12/site-packages/starlette/routing.py", line 736, in app
    await route.handle(scope, receive, send)
  File "/Users/zalelee/Code/tatake_backend/.venv/lib/python3.12/site-packages/starlette/routing.py", line 290, in handle
    await self.app(scope, receive, send)
  File "/Users/zalelee/Code/tatake_backend/.venv/lib/python3.12/site-packages/starlette/routing.py", line 78, in app
    await wrap_app_handling_exceptions(app, request)(scope, receive, send)
  File "/Users/zalelee/Code/tatake_backend/.venv/lib/python3.12/site-packages/starlette/_exception_handler.py", line 53, in wrapped_app
    raise exc
  File "/Users/zalelee/Code/tatake_backend/.venv/lib/python3.12/site-packages/starlette/_exception_handler.py", line 42, in wrapped_app
    await app(scope, receive, sender)
  File "/Users/zalelee/Code/tatake_backend/.venv/lib/python3.12/site-packages/starlette/routing.py", line 75, in app
    response = await f(request)
               ^^^^^^^^^^^^^^^^
  File "/Users/zalelee/Code/tatake_backend/.venv/lib/python3.12/site-packages/fastapi/applications.py", line 1088, in openapi
    return JSONResponse(self.openapi())
                        ^^^^^^^^^^^^^^
  File "/Users/zalelee/Code/tatake_backend/.venv/lib/python3.12/site-packages/fastapi/applications.py", line 1058, in openapi
    if not self.openapi_schema:
           ^^^^^^^^^^^^^^^^^^^
AttributeError: 'FastAPI' object has no attribute 'openapi_schema'
INFO:     127.0.0.1:63560 - "GET /openapi.json HTTP/1.1" 500 Internal Server Error
ERROR:    Exception in ASGI application
  + Exception Group Traceback (most recent call last):
  |   File "/Users/zalelee/Code/tatake_backend/.venv/lib/python3.12/site-packages/starlette/_utils.py", line 79, in collapse_excgroups
  |     yield
  |   File "/Users/zalelee/Code/tatake_backend/.venv/lib/python3.12/site-packages/starlette/middleware/base.py", line 183, in __call__
  |     async with anyio.create_task_group() as task_group:
  |                ^^^^^^^^^^^^^^^^^^^^^^^^^
  |   File "/Users/zalelee/Code/tatake_backend/.venv/lib/python3.12/site-packages/anyio/_backends/_asyncio.py", line 781, in __aexit__
  |     raise BaseExceptionGroup(
  | ExceptionGroup: unhandled errors in a TaskGroup (1 sub-exception)
  +-+---------------- 1 ----------------
    | Traceback (most recent call last):
    |   File "/Users/zalelee/Code/tatake_backend/.venv/lib/python3.12/site-packages/uvicorn/protocols/http/httptools_impl.py", line 409, in run_asgi
    |     result = await app(  # type: ignore[func-returns-value]
    |              ^^^^^^^^^^^^^^^^^^^^^^^^^^^^^^^^^^^^^^^^^^^^^^
    |   File "/Users/zalelee/Code/tatake_backend/.venv/lib/python3.12/site-packages/uvicorn/middleware/proxy_headers.py", line 60, in __call__
    |     return await self.app(scope, receive, send)
    |            ^^^^^^^^^^^^^^^^^^^^^^^^^^^^^^^^^^^^
    |   File "/Users/zalelee/Code/tatake_backend/.venv/lib/python3.12/site-packages/fastapi/applications.py", line 1133, in __call__
    |     await super().__call__(scope, receive, send)
    |   File "/Users/zalelee/Code/tatake_backend/.venv/lib/python3.12/site-packages/starlette/applications.py", line 113, in __call__
    |     await self.middleware_stack(scope, receive, send)
    |   File "/Users/zalelee/Code/tatake_backend/.venv/lib/python3.12/site-packages/starlette/middleware/errors.py", line 186, in __call__
    |     raise exc
    |   File "/Users/zalelee/Code/tatake_backend/.venv/lib/python3.12/site-packages/starlette/middleware/errors.py", line 164, in __call__
    |     await self.app(scope, receive, _send)
    |   File "/Users/zalelee/Code/tatake_backend/.venv/lib/python3.12/site-packages/starlette/middleware/base.py", line 182, in __call__
    |     with recv_stream, send_stream, collapse_excgroups():
    |                                    ^^^^^^^^^^^^^^^^^^^^
    |   File "/Users/zalelee/.local/share/uv/python/cpython-3.12.11-macos-aarch64-none/lib/python3.12/contextlib.py", line 158, in __exit__
    |     self.gen.throw(value)
    |   File "/Users/zalelee/Code/tatake_backend/.venv/lib/python3.12/site-packages/starlette/_utils.py", line 85, in collapse_excgroups
    |     raise exc
    |   File "/Users/zalelee/Code/tatake_backend/.venv/lib/python3.12/site-packages/starlette/middleware/base.py", line 184, in __call__
    |     response = await self.dispatch_func(request, call_next)
    |                ^^^^^^^^^^^^^^^^^^^^^^^^^^^^^^^^^^^^^^^^^^^^
    |   File "/Users/zalelee/Code/tatake_backend/src/api/main.py", line 189, in add_cors_headers
    |     response = await call_next(request)
    |                ^^^^^^^^^^^^^^^^^^^^^^^^
    |   File "/Users/zalelee/Code/tatake_backend/.venv/lib/python3.12/site-packages/starlette/middleware/base.py", line 159, in call_next
    |     raise app_exc
    |   File "/Users/zalelee/Code/tatake_backend/.venv/lib/python3.12/site-packages/starlette/middleware/base.py", line 144, in coro
    |     await self.app(scope, receive_or_disconnect, send_no_error)
    |   File "/Users/zalelee/Code/tatake_backend/.venv/lib/python3.12/site-packages/starlette/middleware/cors.py", line 85, in __call__
    |     await self.app(scope, receive, send)
    |   File "/Users/zalelee/Code/tatake_backend/.venv/lib/python3.12/site-packages/starlette/middleware/exceptions.py", line 63, in __call__
    |     await wrap_app_handling_exceptions(self.app, conn)(scope, receive, send)
    |   File "/Users/zalelee/Code/tatake_backend/.venv/lib/python3.12/site-packages/starlette/_exception_handler.py", line 53, in wrapped_app
    |     raise exc
    |   File "/Users/zalelee/Code/tatake_backend/.venv/lib/python3.12/site-packages/starlette/_exception_handler.py", line 42, in wrapped_app
    |     await app(scope, receive, sender)
    |   File "/Users/zalelee/Code/tatake_backend/.venv/lib/python3.12/site-packages/fastapi/middleware/asyncexitstack.py", line 18, in __call__
    |     await self.app(scope, receive, send)
    |   File "/Users/zalelee/Code/tatake_backend/.venv/lib/python3.12/site-packages/starlette/routing.py", line 716, in __call__
    |     await self.middleware_stack(scope, receive, send)
    |   File "/Users/zalelee/Code/tatake_backend/.venv/lib/python3.12/site-packages/starlette/routing.py", line 736, in app
    |     await route.handle(scope, receive, send)
    |   File "/Users/zalelee/Code/tatake_backend/.venv/lib/python3.12/site-packages/starlette/routing.py", line 290, in handle
    |     await self.app(scope, receive, send)
    |   File "/Users/zalelee/Code/tatake_backend/.venv/lib/python3.12/site-packages/starlette/routing.py", line 78, in app
    |     await wrap_app_handling_exceptions(app, request)(scope, receive, send)
    |   File "/Users/zalelee/Code/tatake_backend/.venv/lib/python3.12/site-packages/starlette/_exception_handler.py", line 53, in wrapped_app
    |     raise exc
    |   File "/Users/zalelee/Code/tatake_backend/.venv/lib/python3.12/site-packages/starlette/_exception_handler.py", line 42, in wrapped_app
    |     await app(scope, receive, sender)
    |   File "/Users/zalelee/Code/tatake_backend/.venv/lib/python3.12/site-packages/starlette/routing.py", line 75, in app
    |     response = await f(request)
    |                ^^^^^^^^^^^^^^^^
    |   File "/Users/zalelee/Code/tatake_backend/.venv/lib/python3.12/site-packages/fastapi/applications.py", line 1088, in openapi
    |     return JSONResponse(self.openapi())
    |                         ^^^^^^^^^^^^^^
    |   File "/Users/zalelee/Code/tatake_backend/.venv/lib/python3.12/site-packages/fastapi/applications.py", line 1058, in openapi
    |     if not self.openapi_schema:
    |            ^^^^^^^^^^^^^^^^^^^
    | AttributeError: 'FastAPI' object has no attribute 'openapi_schema'
    +------------------------------------

During handling of the above exception, another exception occurred:

Traceback (most recent call last):
  File "/Users/zalelee/Code/tatake_backend/.venv/lib/python3.12/site-packages/uvicorn/protocols/http/httptools_impl.py", line 409, in run_asgi
    result = await app(  # type: ignore[func-returns-value]
             ^^^^^^^^^^^^^^^^^^^^^^^^^^^^^^^^^^^^^^^^^^^^^^
  File "/Users/zalelee/Code/tatake_backend/.venv/lib/python3.12/site-packages/uvicorn/middleware/proxy_headers.py", line 60, in __call__
    return await self.app(scope, receive, send)
           ^^^^^^^^^^^^^^^^^^^^^^^^^^^^^^^^^^^^
  File "/Users/zalelee/Code/tatake_backend/.venv/lib/python3.12/site-packages/fastapi/applications.py", line 1133, in __call__
    await super().__call__(scope, receive, send)
  File "/Users/zalelee/Code/tatake_backend/.venv/lib/python3.12/site-packages/starlette/applications.py", line 113, in __call__
    await self.middleware_stack(scope, receive, send)
  File "/Users/zalelee/Code/tatake_backend/.venv/lib/python3.12/site-packages/starlette/middleware/errors.py", line 186, in __call__
    raise exc
  File "/Users/zalelee/Code/tatake_backend/.venv/lib/python3.12/site-packages/starlette/middleware/errors.py", line 164, in __call__
    await self.app(scope, receive, _send)
  File "/Users/zalelee/Code/tatake_backend/.venv/lib/python3.12/site-packages/starlette/middleware/base.py", line 182, in __call__
    with recv_stream, send_stream, collapse_excgroups():
                                   ^^^^^^^^^^^^^^^^^^^^
  File "/Users/zalelee/.local/share/uv/python/cpython-3.12.11-macos-aarch64-none/lib/python3.12/contextlib.py", line 158, in __exit__
    self.gen.throw(value)
  File "/Users/zalelee/Code/tatake_backend/.venv/lib/python3.12/site-packages/starlette/_utils.py", line 85, in collapse_excgroups
    raise exc
  File "/Users/zalelee/Code/tatake_backend/.venv/lib/python3.12/site-packages/starlette/middleware/base.py", line 184, in __call__
    response = await self.dispatch_func(request, call_next)
               ^^^^^^^^^^^^^^^^^^^^^^^^^^^^^^^^^^^^^^^^^^^^
  File "/Users/zalelee/Code/tatake_backend/src/api/main.py", line 189, in add_cors_headers
    response = await call_next(request)
               ^^^^^^^^^^^^^^^^^^^^^^^^
  File "/Users/zalelee/Code/tatake_backend/.venv/lib/python3.12/site-packages/starlette/middleware/base.py", line 159, in call_next
    raise app_exc
  File "/Users/zalelee/Code/tatake_backend/.venv/lib/python3.12/site-packages/starlette/middleware/base.py", line 144, in coro
    await self.app(scope, receive_or_disconnect, send_no_error)
  File "/Users/zalelee/Code/tatake_backend/.venv/lib/python3.12/site-packages/starlette/middleware/cors.py", line 85, in __call__
    await self.app(scope, receive, send)
  File "/Users/zalelee/Code/tatake_backend/.venv/lib/python3.12/site-packages/starlette/middleware/exceptions.py", line 63, in __call__
    await wrap_app_handling_exceptions(self.app, conn)(scope, receive, send)
  File "/Users/zalelee/Code/tatake_backend/.venv/lib/python3.12/site-packages/starlette/_exception_handler.py", line 53, in wrapped_app
    raise exc
  File "/Users/zalelee/Code/tatake_backend/.venv/lib/python3.12/site-packages/starlette/_exception_handler.py", line 42, in wrapped_app
    await app(scope, receive, sender)
  File "/Users/zalelee/Code/tatake_backend/.venv/lib/python3.12/site-packages/fastapi/middleware/asyncexitstack.py", line 18, in __call__
    await self.app(scope, receive, send)
  File "/Users/zalelee/Code/tatake_backend/.venv/lib/python3.12/site-packages/starlette/routing.py", line 716, in __call__
    await self.middleware_stack(scope, receive, send)
  File "/Users/zalelee/Code/tatake_backend/.venv/lib/python3.12/site-packages/starlette/routing.py", line 736, in app
    await route.handle(scope, receive, send)
  File "/Users/zalelee/Code/tatake_backend/.venv/lib/python3.12/site-packages/starlette/routing.py", line 290, in handle
    await self.app(scope, receive, send)
  File "/Users/zalelee/Code/tatake_backend/.venv/lib/python3.12/site-packages/starlette/routing.py", line 78, in app
    await wrap_app_handling_exceptions(app, request)(scope, receive, send)
  File "/Users/zalelee/Code/tatake_backend/.venv/lib/python3.12/site-packages/starlette/_exception_handler.py", line 53, in wrapped_app
    raise exc
  File "/Users/zalelee/Code/tatake_backend/.venv/lib/python3.12/site-packages/starlette/_exception_handler.py", line 42, in wrapped_app
    await app(scope, receive, sender)
  File "/Users/zalelee/Code/tatake_backend/.venv/lib/python3.12/site-packages/starlette/routing.py", line 75, in app
    response = await f(request)
               ^^^^^^^^^^^^^^^^
  File "/Users/zalelee/Code/tatake_backend/.venv/lib/python3.12/site-packages/fastapi/applications.py", line 1088, in openapi
    return JSONResponse(self.openapi())
                        ^^^^^^^^^^^^^^
  File "/Users/zalelee/Code/tatake_backend/.venv/lib/python3.12/site-packages/fastapi/applications.py", line 1058, in openapi
    if not self.openapi_schema:
           ^^^^^^^^^^^^^^^^^^^
AttributeError: 'FastAPI' object has no attribute 'openapi_schema'
INFO:     Shutting down
INFO:     Waiting for application shutdown.
INFO:     Application shutdown complete.
INFO:     Finished server process [64422]
